<?xml version="1.0" encoding="UTF-8"?>
<testng-results ignored="1" total="2" passed="1" failed="0" skipped="0">
  <reporter-output>
  </reporter-output>
  <suite started-at="2021-09-30T13:42:01 CDT" name="Default suite" finished-at="2021-09-30T13:42:01 CDT" duration-ms="63">
    <groups>
    </groups>
    <test started-at="2021-09-30T13:42:01 CDT" name="Default test" finished-at="2021-09-30T13:42:01 CDT" duration-ms="63">
      <class name="_CountVowelSubstrings_package._CountVowelSubstrings.CountVowelSubstrings">
        <test-method signature="testcase2()[pri:0, instance:_CountVowelSubstrings_package._CountVowelSubstrings.CountVowelSubstrings@5db250b4]" started-at="2021-09-30T13:42:01 CDT" name="testcase2" finished-at="2021-09-30T13:42:01 CDT" duration-ms="13" status="PASS">
          <reporter-output>
          </reporter-output>
        </test-method> <!-- testcase2 -->
      </class> <!-- _CountVowelSubstrings_package._CountVowelSubstrings.CountVowelSubstrings -->
    </test> <!-- Default test -->
  </suite> <!-- Default suite -->
</testng-results>
